# JRE version: OpenJDK Runtime Environment (8.0_242-b01) (build 1.8.0_242-release-1644-b01)
# Java VM: OpenJDK 64-Bit Server VM (25.242-b01 mixed mode windows-amd64 compressed oops)
Heap:
 PSYoungGen      total 248832K, used 36330K [0x00000000e0000000, 0x00000000f1e00000, 0x0000000100000000)
  eden space 235520K, 9% used [0x00000000e0000000,0x00000000e1682700,0x00000000ee600000)
  from space 13312K, 99% used [0x00000000f1100000,0x00000000f1df8158,0x00000000f1e00000)
  to   space 16384K, 0% used [0x00000000efe00000,0x00000000efe00000,0x00000000f0e00000)
 ParOldGen       total 57856K, used 10185K [0x00000000a0000000, 0x00000000a3880000, 0x00000000e0000000)
  object space 57856K, 17% used [0x00000000a0000000,0x00000000a09f2510,0x00000000a3880000)
 Metaspace       used 33238K, capacity 34060K, committed 34352K, reserved 1079296K
  class space    used 4562K, capacity 4811K, committed 4912K, reserved 1048576K
GC Heap History (10 events):
Event: 6.228 GC heap before
{Heap before GC invocations=3 (full 0):
 PSYoungGen      total 71680K, used 70013K [0x00000000e0000000, 0x00000000e4b00000, 0x0000000100000000)
  eden space 66560K, 100% used [0x00000000e0000000,0x00000000e4100000,0x00000000e4100000)
  from space 5120K, 67% used [0x00000000e4600000,0x00000000e495f780,0x00000000e4b00000)
  to   space 5120K, 0% used [0x00000000e4100000,0x00000000e4100000,0x00000000e4600000)
 ParOldGen       total 87552K, used 24K [0x00000000a0000000, 0x00000000a5580000, 0x00000000e0000000)
  object space 87552K, 0% used [0x00000000a0000000,0x00000000a0006000,0x00000000a5580000)
 Metaspace       used 15079K, capacity 15576K, committed 15744K, reserved 1062912K
  class space    used 1997K, capacity 2158K, committed 2176K, reserved 1048576K
Event: 6.238 GC heap after
Heap after GC invocations=3 (full 0):
 PSYoungGen      total 71680K, used 5088K [0x00000000e0000000, 0x00000000e8c00000, 0x0000000100000000)
  eden space 66560K, 0% used [0x00000000e0000000,0x00000000e0000000,0x00000000e4100000)
  from space 5120K, 99% used [0x00000000e4100000,0x00000000e45f8020,0x00000000e4600000)
  to   space 5120K, 0% used [0x00000000e8700000,0x00000000e8700000,0x00000000e8c00000)
 ParOldGen       total 87552K, used 4370K [0x00000000a0000000, 0x00000000a5580000, 0x00000000e0000000)
  object space 87552K, 4% used [0x00000000a0000000,0x00000000a0444af8,0x00000000a5580000)
 Metaspace       used 15079K, capacity 15576K, committed 15744K, reserved 1062912K
  class space    used 1997K, capacity 2158K, committed 2176K, reserved 1048576K
}
Event: 13.944 GC heap before
{Heap before GC invocations=4 (full 0):
 PSYoungGen      total 71680K, used 71648K [0x00000000e0000000, 0x00000000e8c00000, 0x0000000100000000)
  eden space 66560K, 100% used [0x00000000e0000000,0x00000000e4100000,0x00000000e4100000)
  from space 5120K, 99% used [0x00000000e4100000,0x00000000e45f8020,0x00000000e4600000)
  to   space 5120K, 0% used [0x00000000e8700000,0x00000000e8700000,0x00000000e8c00000)
 ParOldGen       total 87552K, used 4370K [0x00000000a0000000, 0x00000000a5580000, 0x00000000e0000000)
  object space 87552K, 4% used [0x00000000a0000000,0x00000000a0444af8,0x00000000a5580000)
 Metaspace       used 20478K, capacity 21204K, committed 21248K, reserved 1067008K
  class space    used 2868K, capacity 3056K, committed 3072K, reserved 1048576K
Event: 13.952 GC heap after
Heap after GC invocations=4 (full 0):
 PSYoungGen      total 138240K, used 5104K [0x00000000e0000000, 0x00000000e8c00000, 0x0000000100000000)
  eden space 133120K, 0% used [0x00000000e0000000,0x00000000e0000000,0x00000000e8200000)
  from space 5120K, 99% used [0x00000000e8700000,0x00000000e8bfc030,0x00000000e8c00000)
  to   space 5120K, 0% used [0x00000000e8200000,0x00000000e8200000,0x00000000e8700000)
 ParOldGen       total 87552K, used 11131K [0x00000000a0000000, 0x00000000a5580000, 0x00000000e0000000)
  object space 87552K, 12% used [0x00000000a0000000,0x00000000a0aded98,0x00000000a5580000)
 Metaspace       used 20478K, capacity 21204K, committed 21248K, reserved 1067008K
  class space    used 2868K, capacity 3056K, committed 3072K, reserved 1048576K
}
Event: 14.068 GC heap before
{Heap before GC invocations=5 (full 0):
 PSYoungGen      total 138240K, used 9335K [0x00000000e0000000, 0x00000000e8c00000, 0x0000000100000000)
  eden space 133120K, 3% used [0x00000000e0000000,0x00000000e0421d30,0x00000000e8200000)
  from space 5120K, 99% used [0x00000000e8700000,0x00000000e8bfc030,0x00000000e8c00000)
  to   space 5120K, 0% used [0x00000000e8200000,0x00000000e8200000,0x00000000e8700000)
 ParOldGen       total 87552K, used 11131K [0x00000000a0000000, 0x00000000a5580000, 0x00000000e0000000)
  object space 87552K, 12% used [0x00000000a0000000,0x00000000a0aded98,0x00000000a5580000)
 Metaspace       used 20561K, capacity 21236K, committed 21296K, reserved 1067008K
  class space    used 2881K, capacity 3088K, committed 3120K, reserved 1048576K
Event: 14.077 GC heap after
Heap after GC invocations=5 (full 0):
 PSYoungGen      total 138240K, used 5104K [0x00000000e0000000, 0x00000000f1e00000, 0x0000000100000000)
  eden space 133120K, 0% used [0x00000000e0000000,0x00000000e0000000,0x00000000e8200000)
  from space 5120K, 99% used [0x00000000e8200000,0x00000000e86fc030,0x00000000e8700000)
  to   space 13312K, 0% used [0x00000000f1100000,0x00000000f1100000,0x00000000f1e00000)
 ParOldGen       total 87552K, used 11292K [0x00000000a0000000, 0x00000000a5580000, 0x00000000e0000000)
  object space 87552K, 12% used [0x00000000a0000000,0x00000000a0b07228,0x00000000a5580000)
 Metaspace       used 20561K, capacity 21236K, committed 21296K, reserved 1067008K
  class space    used 2881K, capacity 3088K, committed 3120K, reserved 1048576K
}
Event: 14.077 GC heap before
{Heap before GC invocations=6 (full 1):
 PSYoungGen      total 138240K, used 5104K [0x00000000e0000000, 0x00000000f1e00000, 0x0000000100000000)
  eden space 133120K, 0% used [0x00000000e0000000,0x00000000e0000000,0x00000000e8200000)
  from space 5120K, 99% used [0x00000000e8200000,0x00000000e86fc030,0x00000000e8700000)
  to   space 13312K, 0% used [0x00000000f1100000,0x00000000f1100000,0x00000000f1e00000)
 ParOldGen       total 87552K, used 11292K [0x00000000a0000000, 0x00000000a5580000, 0x00000000e0000000)
  object space 87552K, 12% used [0x00000000a0000000,0x00000000a0b07228,0x00000000a5580000)
 Metaspace       used 20561K, capacity 21236K, committed 21296K, reserved 1067008K
  class space    used 2881K, capacity 3088K, committed 3120K, reserved 1048576K
Event: 14.160 GC heap after
Heap after GC invocations=6 (full 1):
 PSYoungGen      total 138240K, used 0K [0x00000000e0000000, 0x00000000f1e00000, 0x0000000100000000)
  eden space 133120K, 0% used [0x00000000e0000000,0x00000000e0000000,0x00000000e8200000)
  from space 5120K, 0% used [0x00000000e8200000,0x00000000e8200000,0x00000000e8700000)
  to   space 13312K, 0% used [0x00000000f1100000,0x00000000f1100000,0x00000000f1e00000)
 ParOldGen       total 57856K, used 9840K [0x00000000a0000000, 0x00000000a3880000, 0x00000000e0000000)
  object space 57856K, 17% used [0x00000000a0000000,0x00000000a099c1f0,0x00000000a3880000)
 Metaspace       used 20561K, capacity 21236K, committed 21296K, reserved 1067008K
  class space    used 2881K, capacity 3088K, committed 3120K, reserved 1048576K
}
Event: 42.810 GC heap before
{Heap before GC invocations=7 (full 1):
 PSYoungGen      total 138240K, used 133120K [0x00000000e0000000, 0x00000000f1e00000, 0x0000000100000000)
  eden space 133120K, 100% used [0x00000000e0000000,0x00000000e8200000,0x00000000e8200000)
  from space 5120K, 0% used [0x00000000e8200000,0x00000000e8200000,0x00000000e8700000)
  to   space 13312K, 0% used [0x00000000f1100000,0x00000000f1100000,0x00000000f1e00000)
 ParOldGen       total 57856K, used 9840K [0x00000000a0000000, 0x00000000a3880000, 0x00000000e0000000)
  object space 57856K, 17% used [0x00000000a0000000,0x00000000a099c1f0,0x00000000a3880000)
 Metaspace       used 32318K, capacity 33164K, committed 33328K, reserved 1077248K
  class space    used 4414K, capacity 4645K, committed 4656K, reserved 1048576K
Event: 42.835 GC heap after
Heap after GC invocations=7 (full 1):
 PSYoungGen      total 248832K, used 13280K [0x00000000e0000000, 0x00000000f1e00000, 0x0000000100000000)
  eden space 235520K, 0% used [0x00000000e0000000,0x00000000e0000000,0x00000000ee600000)
  from space 13312K, 99% used [0x00000000f1100000,0x00000000f1df8158,0x00000000f1e00000)
  to   space 16384K, 0% used [0x00000000efe00000,0x00000000efe00000,0x00000000f0e00000)
 ParOldGen       total 57856K, used 10185K [0x00000000a0000000, 0x00000000a3880000, 0x00000000e0000000)
  object space 57856K, 17% used [0x00000000a0000000,0x00000000a09f2510,0x00000000a3880000)
 Metaspace       used 32318K, capacity 33164K, committed 33328K, reserved 1077248K
  class space    used 4414K, capacity 4645K, committed 4656K, reserved 1048576K
}

